{
  "RSpec": {
    "coverage": {
      "/Users/llacoste/source/uno_classifieds/spec/controllers/home_controller_spec.rb": [
        1,
        null,
        1,
        null,
        1,
        1,
        1,
        1,
        null,
        null,
        null,
        null
      ],
      "/Users/llacoste/source/uno_classifieds/spec/rails_helper.rb": [
        null,
        1,
        1,
        1,
        null,
        1,
        1,
        null,
        null,
        null,
        null,
        null,
        null,
        null,
        null,
        null,
        null,
        null,
        null,
        null,
        null,
        null,
        null,
        null,
        null,
        null,
        1,
        null,
        1,
        null,
        1,
        null,
        null,
        null,
        null,
        1,
        null,
        null,
        null,
        null,
        null,
        null,
        null,
        null,
        null,
        null,
        null,
        null,
        null,
        null,
        1,
        null,
        null,
        1,
        null,
        null,
        null
      ],
      "/Users/llacoste/source/uno_classifieds/config/environment.rb": [
        null,
        1,
        null,
        null,
        1
      ],
      "/Users/llacoste/source/uno_classifieds/config/application.rb": [
        1,
        null,
        1,
        null,
        null,
        null,
        1,
        null,
        1,
        1,
        null,
        null,
        null,
        null,
        null
      ],
      "/Users/llacoste/source/uno_classifieds/config/boot.rb": [
        1,
        null,
        1
      ],
      "/Users/llacoste/source/uno_classifieds/config/environments/test.rb": [
        1,
        null,
        null,
        null,
        null,
        null,
        null,
        1,
        null,
        null,
        null,
        null,
        1,
        null,
        null,
        1,
        1,
        null,
        null,
        null,
        null,
        1,
        1,
        null,
        null,
        1,
        null,
        null,
        1,
        1,
        null,
        null,
        null,
        null,
        1,
        null,
        null,
        1,
        null,
        null,
        null,
        null
      ],
      "/Users/llacoste/source/uno_classifieds/config/initializers/application_controller_renderer.rb": [
        null,
        null,
        null,
        null,
        null,
        null
      ],
      "/Users/llacoste/source/uno_classifieds/config/initializers/assets.rb": [
        null,
        null,
        null,
        1,
        null,
        null,
        null,
        null,
        null,
        null,
        null
      ],
      "/Users/llacoste/source/uno_classifieds/config/initializers/backtrace_silencers.rb": [
        null,
        null,
        null,
        null,
        null,
        null,
        null
      ],
      "/Users/llacoste/source/uno_classifieds/config/initializers/cookies_serializer.rb": [
        null,
        null,
        null,
        null,
        1
      ],
      "/Users/llacoste/source/uno_classifieds/config/initializers/filter_parameter_logging.rb": [
        null,
        null,
        null,
        1
      ],
      "/Users/llacoste/source/uno_classifieds/config/initializers/inflections.rb": [
        null,
        null,
        null,
        null,
        null,
        null,
        null,
        null,
        null,
        null,
        null,
        null,
        null,
        null,
        null,
        null
      ],
      "/Users/llacoste/source/uno_classifieds/config/initializers/mime_types.rb": [
        null,
        null,
        null,
        null
      ],
      "/Users/llacoste/source/uno_classifieds/config/initializers/new_framework_defaults.rb": [
        null,
        null,
        null,
        null,
        null,
        null,
        1,
        null,
        null,
        1,
        null,
        null,
        1,
        null,
        null,
        null,
        1,
        null,
        null,
        1,
        null,
        null,
        1,
        null,
        null,
        1
      ],
      "/Users/llacoste/source/uno_classifieds/config/initializers/session_store.rb": [
        null,
        null,
        1
      ],
      "/Users/llacoste/source/uno_classifieds/config/initializers/wrap_parameters.rb": [
        null,
        null,
        null,
        null,
        null,
        null,
        1,
        2,
        null,
        null,
        null,
        null,
        null,
        null
      ],
      "/Users/llacoste/source/uno_classifieds/config/routes.rb": [
        1,
        1,
        null,
        null,
        null,
        null,
        1,
        null
      ],
      "/Users/llacoste/source/uno_classifieds/app/helpers/application_helper.rb": [
        1,
        null
      ],
      "/Users/llacoste/source/uno_classifieds/app/helpers/home_helper.rb": [
        1,
        null
      ],
      "/Users/llacoste/source/uno_classifieds/app/controllers/home_controller.rb": [
        1,
        1,
        null,
        null
      ],
      "/Users/llacoste/source/uno_classifieds/app/controllers/application_controller.rb": [
        1,
        1,
        null
      ],
      "/Users/llacoste/source/uno_classifieds/spec/helpers/home_helper_spec.rb": [
        1,
        null,
        null,
        null,
        null,
        null,
        null,
        null,
        null,
        null,
        null,
        null,
        1,
        1,
        null
      ],
      "/Users/llacoste/source/uno_classifieds/spec/views/home/index.html.erb_spec.rb": [
        1,
        null,
        1,
        1,
        null
      ]
    },
    "timestamp": 1505657469
  }
}
